2025-04-20 06:11:33 Loading main app package /usr/lib/obsidian/obsidian.asar
2025-04-20 06:11:39 Checking for update using Github
2025-04-20 06:11:42 Success.
2025-04-20 06:11:42 Latest version is 1.8.9
2025-04-20 06:11:42 App is up to date.
2025-04-20 06:18:10 Loading main app package /usr/lib/obsidian/obsidian.asar
2025-04-20 06:18:10 Checking for update using Github
2025-04-20 06:18:11 Success.
2025-04-20 06:18:11 Latest version is 1.8.9
2025-04-20 06:18:11 App is up to date.
2025-04-20 17:05:08 Loading main app package /usr/lib/obsidian/obsidian.asar
2025-04-20 17:05:14 Checking for update using Github
2025-04-20 17:05:17 Success.
2025-04-20 17:05:17 Latest version is 1.8.9
2025-04-20 17:05:17 App is up to date.
2025-04-20 22:39:18 Loading main app package /usr/lib/obsidian/obsidian.asar
2025-04-20 22:39:19 Checking for update using Github
2025-04-20 22:39:19 Success.
2025-04-20 22:39:19 Latest version is 1.8.9
2025-04-20 22:39:19 App is up to date.
2025-04-20 23:22:39 Loading main app package /usr/lib/obsidian/obsidian.asar
2025-04-20 23:22:46 Checking for update using Github
2025-04-20 23:22:57 Success.
2025-04-20 23:22:57 Latest version is 1.8.9
2025-04-20 23:22:57 App is up to date.
2025-04-21 01:32:51 Loading main app package /usr/lib/obsidian/obsidian.asar
2025-04-21 01:32:57 Checking for update using Github
2025-04-21 01:33:00 Success.
2025-04-21 01:33:00 Latest version is 1.8.9
2025-04-21 01:33:00 App is up to date.
2025-04-21 02:32:51 Checking for update using Github
2025-04-21 02:32:51 Success.
2025-04-21 02:32:51 Latest version is 1.8.9
2025-04-21 02:32:51 App is up to date.
2025-04-21 03:40:06 Loading main app package /usr/lib/obsidian/obsidian.asar
2025-04-21 03:40:12 Checking for update using Github
2025-04-21 03:40:15 Success.
2025-04-21 03:40:15 Latest version is 1.8.9
2025-04-21 03:40:15 App is up to date.
2025-04-21 21:28:38 Loading main app package /usr/lib/obsidian/obsidian.asar
2025-04-21 21:28:42 Checking for update using Github
2025-04-21 21:28:44 Success.
2025-04-21 21:28:44 Latest version is 1.8.9
2025-04-21 21:28:44 App is up to date.
2025-04-21 22:28:38 Checking for update using Github
2025-04-21 22:28:38 Success.
2025-04-21 22:28:38 Latest version is 1.8.9
2025-04-21 22:28:38 App is up to date.
2025-04-22 00:58:00 Loading main app package /usr/lib/obsidian/obsidian.asar
2025-04-22 00:58:06 Checking for update using Github
2025-04-22 00:58:09 Success.
2025-04-22 00:58:09 Latest version is 1.8.9
2025-04-22 00:58:09 App is up to date.
2025-04-22 01:01:14 Loading main app package /usr/lib/obsidian/obsidian.asar
2025-04-22 01:01:14 Checking for update using Github
2025-04-22 01:01:14 Success.
2025-04-22 01:01:14 Latest version is 1.8.9
2025-04-22 01:01:14 App is up to date.
2025-04-22 02:01:14 Checking for update using Github
2025-04-22 02:01:14 Success.
2025-04-22 02:01:14 Latest version is 1.8.9
2025-04-22 02:01:14 App is up to date.
2025-04-22 03:01:14 Checking for update using Github
2025-04-22 03:01:14 Success.
2025-04-22 03:01:14 Latest version is 1.8.9
2025-04-22 03:01:14 App is up to date.
2025-04-22 19:37:36 Loading main app package /usr/lib/obsidian/obsidian.asar
2025-04-22 19:37:37 Checking for update using Github
2025-04-22 19:37:38 Success.
2025-04-22 19:37:38 Latest version is 1.8.10
2025-04-22 19:37:38 Downloading update from https://github.com/obsidianmd/obsidian-releases/releases/download/v1.8.10/obsidian-1.8.10.asar.gz
2025-04-22 19:37:50 Verifying hash & signature. Size= 8128788
2025-04-22 19:37:51 Saving file
2025-04-22 19:37:51 Update complete.
2025-04-22 20:40:28 Loading updated app package /home/bryan/.config/obsidian/obsidian-1.8.10.asar
2025-04-22 20:40:28 Checking for update using Github
2025-04-22 20:40:29 Success.
2025-04-22 20:40:29 Latest version is 1.8.10
2025-04-22 20:40:29 App is up to date.
